<?xml version="1.0" encoding="UTF-8"?>
<testng-results skipped="0" failed="1" total="3" passed="2">
  <reporter-output>
  </reporter-output>
  <suite name="MSPV2" duration-ms="26078" started-at="2017-05-24T22:21:27Z" finished-at="2017-05-24T22:21:53Z">
    <groups>
    </groups>
    <test name="Freestor TestSuit" duration-ms="26078" started-at="2017-05-24T22:21:27Z" finished-at="2017-05-24T22:21:53Z">
      <class name="StartUp.Login">
        <test-method status="PASS" signature="setup()[pri:0, instance:StartUp.Login@15435c]" name="setup" is-config="true" duration-ms="31" started-at="2017-05-24T18:21:27Z" finished-at="2017-05-24T18:21:27Z">
          <reporter-output>
          </reporter-output>
        </test-method> <!-- setup -->
        <test-method status="PASS" signature="start(java.lang.String, java.lang.String)[pri:0, instance:StartUp.Login@15435c]" name="start" is-config="true" duration-ms="7075" started-at="2017-05-24T18:21:27Z" finished-at="2017-05-24T18:21:34Z">
          <params>
            <param index="0">
              <value>
                <![CDATA[http://192.168.13.65]]>
              </value>
            </param>
            <param index="1">
              <value>
                <![CDATA[firefox]]>
              </value>
            </param>
          </params>
          <reporter-output>
          </reporter-output>
        </test-method> <!-- start -->
        <test-method status="PASS" signature="correctLogin()[pri:0, instance:StartUp.Login@15435c]" name="correctLogin" duration-ms="3092" started-at="2017-05-24T18:21:34Z" finished-at="2017-05-24T18:21:37Z">
          <reporter-output>
          </reporter-output>
        </test-method> <!-- correctLogin -->
        <test-method status="PASS" signature="end(org.testng.ITestResult)[pri:0, instance:StartUp.Login@15435c]" name="end" is-config="true" duration-ms="727" started-at="2017-05-24T18:21:37Z" finished-at="2017-05-24T18:21:38Z">
          <params>
            <param index="0">
              <value>
                <![CDATA[[TestResult name=correctLogin status=SUCCESS method=Login.correctLogin()[pri:0, instance:StartUp.Login@15435c] output={null}]]]>
              </value>
            </param>
          </params>
          <reporter-output>
          </reporter-output>
        </test-method> <!-- end -->
        <test-method status="PASS" signature="start(java.lang.String, java.lang.String)[pri:0, instance:StartUp.Login@15435c]" name="start" is-config="true" duration-ms="5626" started-at="2017-05-24T18:21:38Z" finished-at="2017-05-24T18:21:44Z">
          <params>
            <param index="0">
              <value>
                <![CDATA[http://192.168.13.65]]>
              </value>
            </param>
            <param index="1">
              <value>
                <![CDATA[firefox]]>
              </value>
            </param>
          </params>
          <reporter-output>
          </reporter-output>
        </test-method> <!-- start -->
        <test-method status="PASS" signature="inCorrectLogin()[pri:0, instance:StartUp.Login@15435c]" name="inCorrectLogin" duration-ms="672" started-at="2017-05-24T18:21:44Z" finished-at="2017-05-24T18:21:44Z">
          <reporter-output>
          </reporter-output>
        </test-method> <!-- inCorrectLogin -->
        <test-method status="PASS" signature="end(org.testng.ITestResult)[pri:0, instance:StartUp.Login@15435c]" name="end" is-config="true" duration-ms="561" started-at="2017-05-24T18:21:44Z" finished-at="2017-05-24T18:21:45Z">
          <params>
            <param index="0">
              <value>
                <![CDATA[[TestResult name=inCorrectLogin status=SUCCESS method=Login.inCorrectLogin()[pri:0, instance:StartUp.Login@15435c] output={null}]]]>
              </value>
            </param>
          </params>
          <reporter-output>
          </reporter-output>
        </test-method> <!-- end -->
        <test-method status="PASS" signature="start(java.lang.String, java.lang.String)[pri:0, instance:StartUp.Login@15435c]" name="start" is-config="true" duration-ms="5741" started-at="2017-05-24T18:21:45Z" finished-at="2017-05-24T18:21:51Z">
          <params>
            <param index="0">
              <value>
                <![CDATA[http://192.168.13.65]]>
              </value>
            </param>
            <param index="1">
              <value>
                <![CDATA[firefox]]>
              </value>
            </param>
          </params>
          <reporter-output>
          </reporter-output>
        </test-method> <!-- start -->
        <test-method status="FAIL" signature="wrongDomain()[pri:0, instance:StartUp.Login@15435c]" name="wrongDomain" duration-ms="1795" started-at="2017-05-24T18:21:51Z" finished-at="2017-05-24T18:21:53Z">
          <exception class="java.lang.AssertionError">
            <message>
              <![CDATA[expected [Login failed. The customer domain does not exist.] but found []]]>
            </message>
            <full-stacktrace>
              <![CDATA[java.lang.AssertionError: expected [Login failed. The customer domain does not exist.] but found []
	at org.testng.Assert.fail(Assert.java:94)
	at org.testng.Assert.failNotEquals(Assert.java:513)
	at org.testng.Assert.assertEqualsImpl(Assert.java:135)
	at org.testng.Assert.assertEquals(Assert.java:116)
	at org.testng.Assert.assertEquals(Assert.java:190)
	at org.testng.Assert.assertEquals(Assert.java:200)
	at StartUp.Login.wrongDomain(Login.java:83)
	at sun.reflect.NativeMethodAccessorImpl.invoke0(Native Method)
	at sun.reflect.NativeMethodAccessorImpl.invoke(NativeMethodAccessorImpl.java:62)
	at sun.reflect.DelegatingMethodAccessorImpl.invoke(DelegatingMethodAccessorImpl.java:43)
	at java.lang.reflect.Method.invoke(Method.java:498)
	at org.testng.internal.MethodInvocationHelper.invokeMethod(MethodInvocationHelper.java:86)
	at org.testng.internal.Invoker.invokeMethod(Invoker.java:643)
	at org.testng.internal.Invoker.invokeTestMethod(Invoker.java:820)
	at org.testng.internal.Invoker.invokeTestMethods(Invoker.java:1128)
	at org.testng.internal.TestMethodWorker.invokeTestMethods(TestMethodWorker.java:129)
	at org.testng.internal.TestMethodWorker.run(TestMethodWorker.java:112)
	at org.testng.TestRunner.privateRun(TestRunner.java:782)
	at org.testng.TestRunner.run(TestRunner.java:632)
	at org.testng.SuiteRunner.runTest(SuiteRunner.java:366)
	at org.testng.SuiteRunner.access$000(SuiteRunner.java:39)
	at org.testng.SuiteRunner$SuiteWorker.run(SuiteRunner.java:400)
	at org.testng.internal.thread.ThreadUtil$2.call(ThreadUtil.java:64)
	at java.util.concurrent.FutureTask.run(FutureTask.java:266)
	at java.util.concurrent.ThreadPoolExecutor.runWorker(ThreadPoolExecutor.java:1142)
	at java.util.concurrent.ThreadPoolExecutor$Worker.run(ThreadPoolExecutor.java:617)
	at java.lang.Thread.run(Thread.java:745)
]]>
            </full-stacktrace>
          </exception> <!-- java.lang.AssertionError -->
          <reporter-output>
          </reporter-output>
        </test-method> <!-- wrongDomain -->
        <test-method status="PASS" signature="end(org.testng.ITestResult)[pri:0, instance:StartUp.Login@15435c]" name="end" is-config="true" duration-ms="742" started-at="2017-05-24T18:21:53Z" finished-at="2017-05-24T18:21:53Z">
          <params>
            <param index="0">
              <value>
                <![CDATA[[TestResult name=wrongDomain status=FAILURE method=Login.wrongDomain()[pri:0, instance:StartUp.Login@15435c] output={null}]]]>
              </value>
            </param>
          </params>
          <reporter-output>
          </reporter-output>
        </test-method> <!-- end -->
      </class> <!-- StartUp.Login -->
    </test> <!-- Freestor TestSuit -->
  </suite> <!-- MSPV2 -->
</testng-results>
